<?xml version="1.0" encoding="UTF-8"?>
<!-- Generated by org.testng.reporters.JUnitReportReporter -->
<testsuite hostname="DESKTOP-8CID97K" failures="0" tests="9" name="testNg.FirstClass" time="13.466" errors="0" timestamp="2022-04-15T18:39:31 IST" skipped="8">
  <testcase classname="testNg.FirstClass" name="mouseover" time="13.466"/>
  <system-out/>
  <testcase classname="testNg.FirstClass" name="draganddropSqure">
    <skipped/>
  </testcase> <!-- draganddropSqure -->
  <system-out/>
  <testcase classname="testNg.FirstClass" name="ScrollUp">
    <skipped/>
  </testcase> <!-- ScrollUp -->
  <system-out/>
  <testcase classname="testNg.FirstClass" name="IndentifyLoacatorElement">
    <skipped/>
  </testcase> <!-- IndentifyLoacatorElement -->
  <system-out/>
  <testcase classname="testNg.FirstClass" name="Doubleclick">
    <skipped/>
  </testcase> <!-- Doubleclick -->
  <system-out/>
  <testcase classname="testNg.FirstClass" name="RightClick">
    <skipped/>
  </testcase> <!-- RightClick -->
  <system-out/>
  <testcase classname="testNg.FirstClass" name="ScrollDown">
    <skipped/>
  </testcase> <!-- ScrollDown -->
  <system-out/>
  <testcase classname="testNg.FirstClass" name="draganddropCircle">
    <skipped/>
  </testcase> <!-- draganddropCircle -->
  <system-out/>
  <testcase classname="testNg.FirstClass" name="dropdownSelect">
    <skipped/>
  </testcase> <!-- dropdownSelect -->
  <system-out/>
</testsuite> <!-- testNg.FirstClass -->
