<?xml version="1.0" encoding="UTF-8"?>
<!-- Generated by org.testng.reporters.JUnitReportReporter -->
<testsuite hostname="DESKTOP-8CID97K" failures="0" tests="1" name="testNg.Group" time="4.353" errors="0" timestamp="2022-04-14T17:22:29 IST" skipped="0">
  <testcase classname="testNg.Group" name="gmail" time="4.353"/>
  <system-out/>
</testsuite> <!-- testNg.Group -->
