<?xml version="1.0" encoding="UTF-8"?>
<!-- Generated by org.testng.reporters.JUnitReportReporter -->
<testsuite hostname="DESKTOP-8CID97K" failures="0" tests="3" name="testNg.DataProvider" time="10.293" errors="0" timestamp="2022-04-13T18:02:50 IST" skipped="0">
  <testcase classname="testNg.DataProvider" name="login" time="8.016"/>
  <system-out/>
  <testcase classname="testNg.DataProvider" name="login" time="1.134"/>
  <system-out/>
  <testcase classname="testNg.DataProvider" name="login" time="1.143"/>
  <system-out/>
</testsuite> <!-- testNg.DataProvider -->
