<?xml version="1.0" encoding="UTF-8"?>
<!-- Generated by org.testng.reporters.JUnitReportReporter -->
<testsuite hostname="DESKTOP-8CID97K" failures="0" tests="3" name="testNg.AlertWindows" time="17.960" errors="0" timestamp="2022-04-25T17:14:22 IST" skipped="2">
  <testcase classname="testNg.AlertWindows" name="alertTextSendOk" time="17.960"/>
  <system-out/>
  <testcase classname="testNg.AlertWindows" name="alertCancel">
    <skipped/>
  </testcase> <!-- alertCancel -->
  <system-out/>
  <testcase classname="testNg.AlertWindows" name="alertOk">
    <skipped/>
  </testcase> <!-- alertOk -->
  <system-out/>
</testsuite> <!-- testNg.AlertWindows -->
