<?xml version="1.0" encoding="UTF-8"?>
<!-- Generated by org.testng.reporters.JUnitReportReporter -->
<testsuite hostname="DESKTOP-8CID97K" failures="0" tests="1" name="testNg.SikuliDemo" time="5.693" errors="0" timestamp="2022-04-14T18:04:56 IST" skipped="0">
  <testcase classname="testNg.SikuliDemo" name="sikuliDesktop" time="5.693"/>
  <system-out/>
</testsuite> <!-- testNg.SikuliDemo -->
